Determining if the pthread_create exist failed with the following output:
Change Dir: /home/baek/c108/catkin_ws/build/CMakeFiles/CMakeTmp

Run Build Command:"/usr/bin/make" "cmTC_ab59d/fast"
/usr/bin/make -f CMakeFiles/cmTC_ab59d.dir/build.make CMakeFiles/cmTC_ab59d.dir/build
make[1]: 디렉터리 '/home/baek/c108/catkin_ws/build/CMakeFiles/CMakeTmp' 들어감
Building C object CMakeFiles/cmTC_ab59d.dir/CheckSymbolExists.c.o
/usr/bin/cc    -o CMakeFiles/cmTC_ab59d.dir/CheckSymbolExists.c.o   -c /home/baek/c108/catkin_ws/build/CMakeFiles/CMakeTmp/CheckSymbolExists.c
Linking C executable cmTC_ab59d
/usr/bin/cmake -E cmake_link_script CMakeFiles/cmTC_ab59d.dir/link.txt --verbose=1
/usr/bin/cc      -rdynamic CMakeFiles/cmTC_ab59d.dir/CheckSymbolExists.c.o  -o cmTC_ab59d 
CMakeFiles/cmTC_ab59d.dir/CheckSymbolExists.c.o: In function `main':
CheckSymbolExists.c:(.text+0x1b): undefined reference to `pthread_create'
collect2: error: ld returned 1 exit status
CMakeFiles/cmTC_ab59d.dir/build.make:97: recipe for target 'cmTC_ab59d' failed
make[1]: *** [cmTC_ab59d] Error 1
make[1]: 디렉터리 '/home/baek/c108/catkin_ws/build/CMakeFiles/CMakeTmp' 나감
Makefile:126: recipe for target 'cmTC_ab59d/fast' failed
make: *** [cmTC_ab59d/fast] Error 2

File /home/baek/c108/catkin_ws/build/CMakeFiles/CMakeTmp/CheckSymbolExists.c:
/* */
#include <pthread.h>

int main(int argc, char** argv)
{
  (void)argv;
#ifndef pthread_create
  return ((int*)(&pthread_create))[argc];
#else
  (void)argc;
  return 0;
#endif
}

Determining if the function pthread_create exists in the pthreads failed with the following output:
Change Dir: /home/baek/c108/catkin_ws/build/CMakeFiles/CMakeTmp

Run Build Command:"/usr/bin/make" "cmTC_5cade/fast"
/usr/bin/make -f CMakeFiles/cmTC_5cade.dir/build.make CMakeFiles/cmTC_5cade.dir/build
make[1]: 디렉터리 '/home/baek/c108/catkin_ws/build/CMakeFiles/CMakeTmp' 들어감
Building C object CMakeFiles/cmTC_5cade.dir/CheckFunctionExists.c.o
/usr/bin/cc   -DCHECK_FUNCTION_EXISTS=pthread_create   -o CMakeFiles/cmTC_5cade.dir/CheckFunctionExists.c.o   -c /usr/share/cmake-3.10/Modules/CheckFunctionExists.c
Linking C executable cmTC_5cade
/usr/bin/cmake -E cmake_link_script CMakeFiles/cmTC_5cade.dir/link.txt --verbose=1
/usr/bin/cc  -DCHECK_FUNCTION_EXISTS=pthread_create    -rdynamic CMakeFiles/cmTC_5cade.dir/CheckFunctionExists.c.o  -o cmTC_5cade -lpthreads 
/usr/bin/ld: cannot find -lpthreads
collect2: error: ld returned 1 exit status
CMakeFiles/cmTC_5cade.dir/build.make:97: recipe for target 'cmTC_5cade' failed
make[1]: *** [cmTC_5cade] Error 1
make[1]: 디렉터리 '/home/baek/c108/catkin_ws/build/CMakeFiles/CMakeTmp' 나감
Makefile:126: recipe for target 'cmTC_5cade/fast' failed
make: *** [cmTC_5cade/fast] Error 2


